Using pre-set license
Built from '2020.3/staging' branch; Version is '2020.3.11f1 (99c7afb366b3) revision 10078127'; Using compiler version '192528614'; Build Type 'Release'
OS: 'Windows 10 Pro; OS build 19043.1526; Version 2009; 64bit' Language: 'en' Physical Memory: 32670 MB
BatchMode: 1, IsHumanControllingUs: 0, StartBugReporterOnCrash: 0, Is64bit: 1, IsPro: 0

 COMMAND LINE ARGUMENTS:
C:\Program Files\Unity\Hub\Editor\2020.3.11f1\Editor\Unity.exe
-adb2
-batchMode
-noUpm
-name
AssetImportWorker1
-projectPath
C:/Projects/WordleSolve
-logFile
Logs/AssetImportWorker1.log
-srvPort
50356
Successfully changed project path to: C:/Projects/WordleSolve
C:/Projects/WordleSolve
Using Asset Import Pipeline V2.
Refreshing native plugins compatible for Editor in 41.98 ms, found 2 plugins.
Preloading 0 native plugins for Editor in 0.00 ms.
Initialize engine version: 2020.3.11f1 (99c7afb366b3)
[Subsystems] Discovering subsystems at path C:/Program Files/Unity/Hub/Editor/2020.3.11f1/Editor/Data/Resources/UnitySubsystems
[Subsystems] Discovering subsystems at path C:/Projects/WordleSolve/Assets
GfxDevice: creating device client; threaded=0
Direct3D:
    Version:  Direct3D 11.0 [level 11.1]
    Renderer: NVIDIA GeForce GTX 1070 (ID=0x1b81)
    Vendor:   
    VRAM:     8088 MB
    Driver:   23.21.13.9125
Initialize mono
Mono path[0] = 'C:/Program Files/Unity/Hub/Editor/2020.3.11f1/Editor/Data/Managed'
Mono path[1] = 'C:/Program Files/Unity/Hub/Editor/2020.3.11f1/Editor/Data/MonoBleedingEdge/lib/mono/unityjit'
Mono config path = 'C:/Program Files/Unity/Hub/Editor/2020.3.11f1/Editor/Data/MonoBleedingEdge/etc'
Using monoOptions --debugger-agent=transport=dt_socket,embedding=1,server=y,suspend=n,address=127.0.0.1:56748
Begin MonoManager ReloadAssembly
Registering precompiled unity dll's ...
Register platform support module: C:/Program Files/Unity/Hub/Editor/2020.3.11f1/Editor/Data/PlaybackEngines/WindowsStandaloneSupport/UnityEditor.WindowsStandalone.Extensions.dll
Registered in 0.002982 seconds.
Native extension for WindowsStandalone target not found
Refreshing native plugins compatible for Editor in 31.34 ms, found 2 plugins.
Preloading 0 native plugins for Editor in 0.00 ms.
Mono: successfully reloaded assembly
- Completed reload, in  1.736 seconds
Platform modules already initialized, skipping
Registering precompiled user dll's ...
Registered in 0.007051 seconds.
Begin MonoManager ReloadAssembly
Native extension for WindowsStandalone target not found
Refreshing native plugins compatible for Editor in 0.29 ms, found 2 plugins.
Preloading 0 native plugins for Editor in 0.00 ms.
Mono: successfully reloaded assembly
- Completed reload, in  1.392 seconds
Platform modules already initialized, skipping
========================================================================
Worker process is ready to serve import requests
Launched and connected shader compiler UnityShaderCompiler.exe after 0.06 seconds
Refreshing native plugins compatible for Editor in 0.41 ms, found 2 plugins.
Preloading 0 native plugins for Editor in 0.00 ms.
Unloading 1390 Unused Serialized files (Serialized files now loaded: 0)
System memory in use before: 64.8 MB.
System memory in use after: 64.8 MB.

Unloading 19 unused Assets to reduce memory usage. Loaded Objects now: 1824.
Total: 2.219400 ms (FindLiveObjects: 0.173500 ms CreateObjectMapping: 0.039900 ms MarkObjects: 1.886600 ms  DeleteObjects: 0.118100 ms)

========================================================================
Received Import Request.
  path: Assets/Solver.cs
  artifactKey: Guid(4e4bef93939f0be42992e600546b5fd7) Importer(815301076,1909f56bfc062723c751e8b465ee728b)
Start importing Assets/Solver.cs using Guid(4e4bef93939f0be42992e600546b5fd7) Importer(815301076,1909f56bfc062723c751e8b465ee728b)  -> (artifact id: '39ac6be629ec8afa151ba4009cf07efe') in 0.046656 seconds
  Import took 0.049815 seconds .

========================================================================
Received Prepare
Refreshing native plugins compatible for Editor in 3.11 ms, found 2 plugins.
Preloading 0 native plugins for Editor in 0.00 ms.
Unloading 12 Unused Serialized files (Serialized files now loaded: 0)
System memory in use before: 37.4 MB.
System memory in use after: 37.5 MB.

Unloading 12 unused Assets to reduce memory usage. Loaded Objects now: 1824.
Total: 2.269000 ms (FindLiveObjects: 0.133300 ms CreateObjectMapping: 0.045300 ms MarkObjects: 1.925000 ms  DeleteObjects: 0.164500 ms)

========================================================================
Received Import Request.
  Time since last request: 180.894423 seconds.
  path: Assets/Solver.cs
  artifactKey: Guid(4e4bef93939f0be42992e600546b5fd7) Importer(815301076,1909f56bfc062723c751e8b465ee728b)
Start importing Assets/Solver.cs using Guid(4e4bef93939f0be42992e600546b5fd7) Importer(815301076,1909f56bfc062723c751e8b465ee728b)  -> (artifact id: 'bd55ce0e91aa72c52c7685fab1bba819') in 0.002865 seconds
  Import took 0.004817 seconds .

========================================================================
Received Prepare
Registering precompiled user dll's ...
Registered in 0.008348 seconds.
Begin MonoManager ReloadAssembly
Native extension for WindowsStandalone target not found
Refreshing native plugins compatible for Editor in 0.28 ms, found 2 plugins.
Preloading 0 native plugins for Editor in 0.00 ms.
Mono: successfully reloaded assembly
- Completed reload, in  1.059 seconds
Platform modules already initialized, skipping
Refreshing native plugins compatible for Editor in 0.27 ms, found 2 plugins.
Preloading 0 native plugins for Editor in 0.00 ms.
Unloading 1385 Unused Serialized files (Serialized files now loaded: 0)
System memory in use before: 64.7 MB.
System memory in use after: 64.8 MB.

Unloading 14 unused Assets to reduce memory usage. Loaded Objects now: 1827.
Total: 1.992300 ms (FindLiveObjects: 0.135400 ms CreateObjectMapping: 0.036800 ms MarkObjects: 1.741000 ms  DeleteObjects: 0.078300 ms)

========================================================================
Received Import Request.
  Time since last request: 42.038955 seconds.
  path: Assets/Solver.cs
  artifactKey: Guid(4e4bef93939f0be42992e600546b5fd7) Importer(815301076,1909f56bfc062723c751e8b465ee728b)
Start importing Assets/Solver.cs using Guid(4e4bef93939f0be42992e600546b5fd7) Importer(815301076,1909f56bfc062723c751e8b465ee728b)  -> (artifact id: '1a68c7c0a3f764a5ab7d2eb1f4facb60') in 0.004733 seconds
  Import took 0.006860 seconds .

========================================================================
Received Prepare
Registering precompiled user dll's ...
Registered in 0.005575 seconds.
Begin MonoManager ReloadAssembly
Native extension for WindowsStandalone target not found
Refreshing native plugins compatible for Editor in 0.27 ms, found 2 plugins.
Preloading 0 native plugins for Editor in 0.00 ms.
Mono: successfully reloaded assembly
- Completed reload, in  1.028 seconds
Platform modules already initialized, skipping
Refreshing native plugins compatible for Editor in 0.34 ms, found 2 plugins.
Preloading 0 native plugins for Editor in 0.00 ms.
Unloading 1385 Unused Serialized files (Serialized files now loaded: 0)
System memory in use before: 64.8 MB.
System memory in use after: 64.8 MB.

Unloading 14 unused Assets to reduce memory usage. Loaded Objects now: 1830.
Total: 1.959500 ms (FindLiveObjects: 0.136100 ms CreateObjectMapping: 0.040700 ms MarkObjects: 1.657500 ms  DeleteObjects: 0.124500 ms)

========================================================================
Received Import Request.
  Time since last request: 824.936255 seconds.
  path: Assets/Solver.cs
  artifactKey: Guid(4e4bef93939f0be42992e600546b5fd7) Importer(815301076,1909f56bfc062723c751e8b465ee728b)
Start importing Assets/Solver.cs using Guid(4e4bef93939f0be42992e600546b5fd7) Importer(815301076,1909f56bfc062723c751e8b465ee728b)  -> (artifact id: 'e3d402ca193cb0858a30bb8bc839ae4a') in 0.005329 seconds
  Import took 0.007285 seconds .

========================================================================
Received Import Request.
  Time since last request: 2.227646 seconds.
  path: Assets/Solver.cs
  artifactKey: Guid(4e4bef93939f0be42992e600546b5fd7) Importer(815301076,1909f56bfc062723c751e8b465ee728b)
Start importing Assets/Solver.cs using Guid(4e4bef93939f0be42992e600546b5fd7) Importer(815301076,1909f56bfc062723c751e8b465ee728b)  -> (artifact id: 'e3d402ca193cb0858a30bb8bc839ae4a') in 0.002884 seconds
  Import took 0.004992 seconds .

========================================================================
Received Prepare
Registering precompiled user dll's ...
Registered in 0.005097 seconds.
Begin MonoManager ReloadAssembly
Native extension for WindowsStandalone target not found
Refreshing native plugins compatible for Editor in 0.28 ms, found 2 plugins.
Preloading 0 native plugins for Editor in 0.00 ms.
Mono: successfully reloaded assembly
- Completed reload, in  1.038 seconds
Platform modules already initialized, skipping
Refreshing native plugins compatible for Editor in 0.28 ms, found 2 plugins.
Preloading 0 native plugins for Editor in 0.00 ms.
Unloading 1385 Unused Serialized files (Serialized files now loaded: 0)
System memory in use before: 64.8 MB.
System memory in use after: 64.9 MB.

Unloading 14 unused Assets to reduce memory usage. Loaded Objects now: 1833.
Total: 2.269400 ms (FindLiveObjects: 0.174300 ms CreateObjectMapping: 0.040400 ms MarkObjects: 1.952500 ms  DeleteObjects: 0.101400 ms)

========================================================================
Received Prepare
Registering precompiled user dll's ...
Registered in 0.004803 seconds.
Begin MonoManager ReloadAssembly
Native extension for WindowsStandalone target not found
Refreshing native plugins compatible for Editor in 0.36 ms, found 2 plugins.
Preloading 0 native plugins for Editor in 0.00 ms.
Mono: successfully reloaded assembly
- Completed reload, in  0.996 seconds
Platform modules already initialized, skipping
Refreshing native plugins compatible for Editor in 0.28 ms, found 2 plugins.
Preloading 0 native plugins for Editor in 0.00 ms.
Unloading 1385 Unused Serialized files (Serialized files now loaded: 0)
System memory in use before: 64.8 MB.
System memory in use after: 64.9 MB.

Unloading 14 unused Assets to reduce memory usage. Loaded Objects now: 1836.
Total: 2.047900 ms (FindLiveObjects: 0.144300 ms CreateObjectMapping: 0.039600 ms MarkObjects: 1.779500 ms  DeleteObjects: 0.083700 ms)

========================================================================
Received Prepare
Registering precompiled user dll's ...
Registered in 0.004851 seconds.
Begin MonoManager ReloadAssembly
Native extension for WindowsStandalone target not found
Refreshing native plugins compatible for Editor in 0.27 ms, found 2 plugins.
Preloading 0 native plugins for Editor in 0.00 ms.
Mono: successfully reloaded assembly
- Completed reload, in  1.009 seconds
Platform modules already initialized, skipping
Refreshing native plugins compatible for Editor in 0.27 ms, found 2 plugins.
Preloading 0 native plugins for Editor in 0.00 ms.
Unloading 1385 Unused Serialized files (Serialized files now loaded: 0)
System memory in use before: 64.8 MB.
System memory in use after: 64.9 MB.

Unloading 14 unused Assets to reduce memory usage. Loaded Objects now: 1839.
Total: 2.012300 ms (FindLiveObjects: 0.143900 ms CreateObjectMapping: 0.036700 ms MarkObjects: 1.740200 ms  DeleteObjects: 0.090800 ms)

========================================================================
Received Prepare
Registering precompiled user dll's ...
Registered in 0.005075 seconds.
Begin MonoManager ReloadAssembly
Native extension for WindowsStandalone target not found
Refreshing native plugins compatible for Editor in 0.28 ms, found 2 plugins.
Preloading 0 native plugins for Editor in 0.00 ms.
Mono: successfully reloaded assembly
- Completed reload, in  1.020 seconds
Platform modules already initialized, skipping
Refreshing native plugins compatible for Editor in 0.28 ms, found 2 plugins.
Preloading 0 native plugins for Editor in 0.00 ms.
Unloading 1385 Unused Serialized files (Serialized files now loaded: 0)
System memory in use before: 64.8 MB.
System memory in use after: 64.9 MB.

Unloading 14 unused Assets to reduce memory usage. Loaded Objects now: 1842.
Total: 2.072500 ms (FindLiveObjects: 0.139800 ms CreateObjectMapping: 0.037300 ms MarkObjects: 1.818100 ms  DeleteObjects: 0.076800 ms)

========================================================================
Received Import Request.
  Time since last request: 7770.282884 seconds.
  path: Assets/Solver.cs
  artifactKey: Guid(4e4bef93939f0be42992e600546b5fd7) Importer(815301076,1909f56bfc062723c751e8b465ee728b)
Start importing Assets/Solver.cs using Guid(4e4bef93939f0be42992e600546b5fd7) Importer(815301076,1909f56bfc062723c751e8b465ee728b)  -> (artifact id: 'caed8787e3a9a45c4e80e580dda64f1b') in 0.004673 seconds
  Import took 0.007273 seconds .

========================================================================
Received Import Request.
  Time since last request: 0.003646 seconds.
  path: Assets/Solver.cs
  artifactKey: Guid(4e4bef93939f0be42992e600546b5fd7) Importer(815301076,1909f56bfc062723c751e8b465ee728b)
Start importing Assets/Solver.cs using Guid(4e4bef93939f0be42992e600546b5fd7) Importer(815301076,1909f56bfc062723c751e8b465ee728b)  -> (artifact id: 'caed8787e3a9a45c4e80e580dda64f1b') in 0.003489 seconds
  Import took 0.005749 seconds .

========================================================================
Received Import Request.
  Time since last request: 112.860666 seconds.
  path: Assets/Solver.cs
  artifactKey: Guid(4e4bef93939f0be42992e600546b5fd7) Importer(815301076,1909f56bfc062723c751e8b465ee728b)
Start importing Assets/Solver.cs using Guid(4e4bef93939f0be42992e600546b5fd7) Importer(815301076,1909f56bfc062723c751e8b465ee728b)  -> (artifact id: 'e9d8e2897d88b58eebbaa60cbbfe9bee') in 0.003381 seconds
  Import took 0.007465 seconds .

========================================================================
Received Prepare
Registering precompiled user dll's ...
Registered in 0.006160 seconds.
Begin MonoManager ReloadAssembly
Native extension for WindowsStandalone target not found
Refreshing native plugins compatible for Editor in 0.28 ms, found 2 plugins.
Preloading 0 native plugins for Editor in 0.00 ms.
Mono: successfully reloaded assembly
- Completed reload, in  1.012 seconds
Platform modules already initialized, skipping
Refreshing native plugins compatible for Editor in 0.29 ms, found 2 plugins.
Preloading 0 native plugins for Editor in 0.00 ms.
Unloading 1385 Unused Serialized files (Serialized files now loaded: 0)
System memory in use before: 64.8 MB.
System memory in use after: 64.9 MB.

Unloading 14 unused Assets to reduce memory usage. Loaded Objects now: 1845.
Total: 2.193400 ms (FindLiveObjects: 0.218000 ms CreateObjectMapping: 0.039900 ms MarkObjects: 1.857200 ms  DeleteObjects: 0.077500 ms)

========================================================================
Received Import Request.
  Time since last request: 121.135916 seconds.
  path: Assets/Solver.cs
  artifactKey: Guid(4e4bef93939f0be42992e600546b5fd7) Importer(815301076,1909f56bfc062723c751e8b465ee728b)
Start importing Assets/Solver.cs using Guid(4e4bef93939f0be42992e600546b5fd7) Importer(815301076,1909f56bfc062723c751e8b465ee728b)  -> (artifact id: 'bb8aaa4d2ce0aeab21daff2909b4ce6b') in 0.004665 seconds
  Import took 0.006822 seconds .

========================================================================
Received Prepare
Registering precompiled user dll's ...
Registered in 0.005120 seconds.
Begin MonoManager ReloadAssembly
Native extension for WindowsStandalone target not found
Refreshing native plugins compatible for Editor in 0.31 ms, found 2 plugins.
Preloading 0 native plugins for Editor in 0.00 ms.
Mono: successfully reloaded assembly
- Completed reload, in  1.100 seconds
Platform modules already initialized, skipping
Refreshing native plugins compatible for Editor in 0.27 ms, found 2 plugins.
Preloading 0 native plugins for Editor in 0.00 ms.
Unloading 1385 Unused Serialized files (Serialized files now loaded: 0)
System memory in use before: 64.8 MB.
System memory in use after: 64.9 MB.

Unloading 14 unused Assets to reduce memory usage. Loaded Objects now: 1848.
Total: 1.914900 ms (FindLiveObjects: 0.121500 ms CreateObjectMapping: 0.036800 ms MarkObjects: 1.664300 ms  DeleteObjects: 0.091400 ms)

========================================================================
Received Prepare
Registering precompiled user dll's ...
Registered in 0.005870 seconds.
Begin MonoManager ReloadAssembly
Native extension for WindowsStandalone target not found
Refreshing native plugins compatible for Editor in 0.28 ms, found 2 plugins.
Preloading 0 native plugins for Editor in 0.00 ms.
Mono: successfully reloaded assembly
- Completed reload, in  1.080 seconds
Platform modules already initialized, skipping
Refreshing native plugins compatible for Editor in 0.35 ms, found 2 plugins.
Preloading 0 native plugins for Editor in 0.00 ms.
Unloading 1385 Unused Serialized files (Serialized files now loaded: 0)
System memory in use before: 64.8 MB.
System memory in use after: 64.9 MB.

Unloading 14 unused Assets to reduce memory usage. Loaded Objects now: 1851.
Total: 2.001400 ms (FindLiveObjects: 0.140400 ms CreateObjectMapping: 0.035200 ms MarkObjects: 1.744400 ms  DeleteObjects: 0.080700 ms)

========================================================================
Received Import Request.
  Time since last request: 78.591775 seconds.
  path: Assets/Solver.cs
  artifactKey: Guid(4e4bef93939f0be42992e600546b5fd7) Importer(815301076,1909f56bfc062723c751e8b465ee728b)
Start importing Assets/Solver.cs using Guid(4e4bef93939f0be42992e600546b5fd7) Importer(815301076,1909f56bfc062723c751e8b465ee728b)  -> (artifact id: 'f3e7a5e852bca6d52ac787ea62ab51b8') in 0.004517 seconds
  Import took 0.006562 seconds .

========================================================================
Received Prepare
Registering precompiled user dll's ...
Registered in 0.007459 seconds.
Begin MonoManager ReloadAssembly
Native extension for WindowsStandalone target not found
Refreshing native plugins compatible for Editor in 0.42 ms, found 2 plugins.
Preloading 0 native plugins for Editor in 0.00 ms.
Mono: successfully reloaded assembly
- Completed reload, in  1.011 seconds
Platform modules already initialized, skipping
Refreshing native plugins compatible for Editor in 0.28 ms, found 2 plugins.
Preloading 0 native plugins for Editor in 0.00 ms.
Unloading 1385 Unused Serialized files (Serialized files now loaded: 0)
System memory in use before: 64.8 MB.
System memory in use after: 64.9 MB.

Unloading 14 unused Assets to reduce memory usage. Loaded Objects now: 1854.
Total: 2.137600 ms (FindLiveObjects: 0.138800 ms CreateObjectMapping: 0.036100 ms MarkObjects: 1.882300 ms  DeleteObjects: 0.079600 ms)

========================================================================
Received Import Request.
  Time since last request: 40.382360 seconds.
  path: Assets/Solver.cs
  artifactKey: Guid(4e4bef93939f0be42992e600546b5fd7) Importer(815301076,1909f56bfc062723c751e8b465ee728b)
Start importing Assets/Solver.cs using Guid(4e4bef93939f0be42992e600546b5fd7) Importer(815301076,1909f56bfc062723c751e8b465ee728b)  -> (artifact id: '54630fb8d4ec49d1bdd9f05d5f9ea3c0') in 0.004850 seconds
  Import took 0.008499 seconds .

========================================================================
Received Prepare
Registering precompiled user dll's ...
Registered in 0.005828 seconds.
Begin MonoManager ReloadAssembly
Native extension for WindowsStandalone target not found
Refreshing native plugins compatible for Editor in 0.44 ms, found 2 plugins.
Preloading 0 native plugins for Editor in 0.00 ms.
Mono: successfully reloaded assembly
- Completed reload, in  1.087 seconds
Platform modules already initialized, skipping
Refreshing native plugins compatible for Editor in 0.28 ms, found 2 plugins.
Preloading 0 native plugins for Editor in 0.00 ms.
Unloading 1385 Unused Serialized files (Serialized files now loaded: 0)
System memory in use before: 64.8 MB.
System memory in use after: 64.9 MB.

Unloading 14 unused Assets to reduce memory usage. Loaded Objects now: 1857.
Total: 2.294500 ms (FindLiveObjects: 0.146100 ms CreateObjectMapping: 0.034800 ms MarkObjects: 2.063800 ms  DeleteObjects: 0.048800 ms)

========================================================================
Received Prepare
Registering precompiled user dll's ...
Registered in 0.006581 seconds.
Begin MonoManager ReloadAssembly
Native extension for WindowsStandalone target not found
Refreshing native plugins compatible for Editor in 0.28 ms, found 2 plugins.
Preloading 0 native plugins for Editor in 0.00 ms.
Mono: successfully reloaded assembly
- Completed reload, in  1.013 seconds
Platform modules already initialized, skipping
Refreshing native plugins compatible for Editor in 0.27 ms, found 2 plugins.
Preloading 0 native plugins for Editor in 0.00 ms.
Unloading 1385 Unused Serialized files (Serialized files now loaded: 0)
System memory in use before: 64.8 MB.
System memory in use after: 64.9 MB.

Unloading 14 unused Assets to reduce memory usage. Loaded Objects now: 1860.
Total: 2.072200 ms (FindLiveObjects: 0.149400 ms CreateObjectMapping: 0.041000 ms MarkObjects: 1.801700 ms  DeleteObjects: 0.079100 ms)

========================================================================
Received Import Request.
  Time since last request: 45.615700 seconds.
  path: Assets/Solver.cs
  artifactKey: Guid(4e4bef93939f0be42992e600546b5fd7) Importer(815301076,1909f56bfc062723c751e8b465ee728b)
Start importing Assets/Solver.cs using Guid(4e4bef93939f0be42992e600546b5fd7) Importer(815301076,1909f56bfc062723c751e8b465ee728b)  -> (artifact id: 'f1bf324f091df68cd4ec1b61320dc846') in 0.004590 seconds
  Import took 0.006548 seconds .

========================================================================
Received Prepare
Registering precompiled user dll's ...
Registered in 0.006203 seconds.
Begin MonoManager ReloadAssembly
Native extension for WindowsStandalone target not found
Refreshing native plugins compatible for Editor in 0.28 ms, found 2 plugins.
Preloading 0 native plugins for Editor in 0.00 ms.
Mono: successfully reloaded assembly
- Completed reload, in  1.015 seconds
Platform modules already initialized, skipping
Refreshing native plugins compatible for Editor in 0.28 ms, found 2 plugins.
Preloading 0 native plugins for Editor in 0.00 ms.
Unloading 1385 Unused Serialized files (Serialized files now loaded: 0)
System memory in use before: 64.8 MB.
System memory in use after: 64.9 MB.

Unloading 14 unused Assets to reduce memory usage. Loaded Objects now: 1863.
Total: 2.050400 ms (FindLiveObjects: 0.143900 ms CreateObjectMapping: 0.035300 ms MarkObjects: 1.826100 ms  DeleteObjects: 0.044200 ms)

========================================================================
Received Import Request.
  Time since last request: 8.727184 seconds.
  path: Assets/Solver.cs
  artifactKey: Guid(4e4bef93939f0be42992e600546b5fd7) Importer(815301076,1909f56bfc062723c751e8b465ee728b)
Start importing Assets/Solver.cs using Guid(4e4bef93939f0be42992e600546b5fd7) Importer(815301076,1909f56bfc062723c751e8b465ee728b)  -> (artifact id: '254bf5c90f21c60b7688a31fdfb20e9c') in 0.004141 seconds
  Import took 0.006075 seconds .

========================================================================
Received Prepare
Registering precompiled user dll's ...
Registered in 0.005297 seconds.
Begin MonoManager ReloadAssembly
Native extension for WindowsStandalone target not found
Refreshing native plugins compatible for Editor in 0.28 ms, found 2 plugins.
Preloading 0 native plugins for Editor in 0.00 ms.
Mono: successfully reloaded assembly
- Completed reload, in  0.973 seconds
Platform modules already initialized, skipping
Refreshing native plugins compatible for Editor in 0.28 ms, found 2 plugins.
Preloading 0 native plugins for Editor in 0.00 ms.
Unloading 1385 Unused Serialized files (Serialized files now loaded: 0)
System memory in use before: 64.9 MB.
System memory in use after: 64.9 MB.

Unloading 14 unused Assets to reduce memory usage. Loaded Objects now: 1866.
Total: 2.066900 ms (FindLiveObjects: 0.143900 ms CreateObjectMapping: 0.035200 ms MarkObjects: 1.815000 ms  DeleteObjects: 0.072000 ms)

========================================================================
Received Import Request.
  Time since last request: 100.077027 seconds.
  path: Assets/Solver.cs
  artifactKey: Guid(4e4bef93939f0be42992e600546b5fd7) Importer(815301076,1909f56bfc062723c751e8b465ee728b)
Start importing Assets/Solver.cs using Guid(4e4bef93939f0be42992e600546b5fd7) Importer(815301076,1909f56bfc062723c751e8b465ee728b)  -> (artifact id: 'ad6ef7964bc0b7c042408edcb49e69ca') in 0.004533 seconds
  Import took 0.006680 seconds .

========================================================================
Received Prepare
Registering precompiled user dll's ...
Registered in 0.005484 seconds.
Begin MonoManager ReloadAssembly
Native extension for WindowsStandalone target not found
Refreshing native plugins compatible for Editor in 0.28 ms, found 2 plugins.
Preloading 0 native plugins for Editor in 0.00 ms.
Mono: successfully reloaded assembly
- Completed reload, in  1.060 seconds
Platform modules already initialized, skipping
Refreshing native plugins compatible for Editor in 0.30 ms, found 2 plugins.
Preloading 0 native plugins for Editor in 0.00 ms.
Unloading 1385 Unused Serialized files (Serialized files now loaded: 0)
System memory in use before: 64.9 MB.
System memory in use after: 64.9 MB.

Unloading 14 unused Assets to reduce memory usage. Loaded Objects now: 1869.
Total: 2.128000 ms (FindLiveObjects: 0.170900 ms CreateObjectMapping: 0.042600 ms MarkObjects: 1.837500 ms  DeleteObjects: 0.076100 ms)

========================================================================
Received Prepare
Registering precompiled user dll's ...
Registered in 0.006381 seconds.
Begin MonoManager ReloadAssembly
Native extension for WindowsStandalone target not found
Refreshing native plugins compatible for Editor in 0.29 ms, found 2 plugins.
Preloading 0 native plugins for Editor in 0.00 ms.
Mono: successfully reloaded assembly
- Completed reload, in  1.006 seconds
Platform modules already initialized, skipping
Refreshing native plugins compatible for Editor in 0.44 ms, found 2 plugins.
Preloading 0 native plugins for Editor in 0.00 ms.
Unloading 1385 Unused Serialized files (Serialized files now loaded: 0)
System memory in use before: 64.9 MB.
System memory in use after: 64.9 MB.

Unloading 14 unused Assets to reduce memory usage. Loaded Objects now: 1872.
Total: 1.905800 ms (FindLiveObjects: 0.129900 ms CreateObjectMapping: 0.038000 ms MarkObjects: 1.661200 ms  DeleteObjects: 0.075700 ms)

========================================================================
Received Import Request.
  Time since last request: 223.205169 seconds.
  path: Assets/Solver.cs
  artifactKey: Guid(4e4bef93939f0be42992e600546b5fd7) Importer(815301076,1909f56bfc062723c751e8b465ee728b)
Start importing Assets/Solver.cs using Guid(4e4bef93939f0be42992e600546b5fd7) Importer(815301076,1909f56bfc062723c751e8b465ee728b)  -> (artifact id: 'e4df1bfe81f31d72c737aac2d8856eec') in 0.004428 seconds
  Import took 0.008088 seconds .

========================================================================
Received Prepare
Registering precompiled user dll's ...
Registered in 0.005899 seconds.
Begin MonoManager ReloadAssembly
Native extension for WindowsStandalone target not found
Refreshing native plugins compatible for Editor in 0.28 ms, found 2 plugins.
Preloading 0 native plugins for Editor in 0.00 ms.
Mono: successfully reloaded assembly
- Completed reload, in  1.206 seconds
Platform modules already initialized, skipping
Refreshing native plugins compatible for Editor in 0.32 ms, found 2 plugins.
Preloading 0 native plugins for Editor in 0.00 ms.
Unloading 1385 Unused Serialized files (Serialized files now loaded: 0)
System memory in use before: 64.9 MB.
System memory in use after: 64.9 MB.

Unloading 14 unused Assets to reduce memory usage. Loaded Objects now: 1875.
Total: 2.153700 ms (FindLiveObjects: 0.172400 ms CreateObjectMapping: 0.046500 ms MarkObjects: 1.878600 ms  DeleteObjects: 0.055200 ms)

========================================================================
Received Prepare
Registering precompiled user dll's ...
Registered in 0.006509 seconds.
Begin MonoManager ReloadAssembly
Native extension for WindowsStandalone target not found
Refreshing native plugins compatible for Editor in 0.27 ms, found 2 plugins.
Preloading 0 native plugins for Editor in 0.00 ms.
Mono: successfully reloaded assembly
- Completed reload, in  1.063 seconds
Platform modules already initialized, skipping
Refreshing native plugins compatible for Editor in 0.35 ms, found 2 plugins.
Preloading 0 native plugins for Editor in 0.00 ms.
Unloading 1385 Unused Serialized files (Serialized files now loaded: 0)
System memory in use before: 64.9 MB.
System memory in use after: 65.0 MB.

Unloading 14 unused Assets to reduce memory usage. Loaded Objects now: 1878.
Total: 2.086200 ms (FindLiveObjects: 0.160800 ms CreateObjectMapping: 0.039100 ms MarkObjects: 1.805100 ms  DeleteObjects: 0.080000 ms)

========================================================================
Received Import Request.
  Time since last request: 649.221917 seconds.
  path: Assets/Solver.cs
  artifactKey: Guid(4e4bef93939f0be42992e600546b5fd7) Importer(815301076,1909f56bfc062723c751e8b465ee728b)
Start importing Assets/Solver.cs using Guid(4e4bef93939f0be42992e600546b5fd7) Importer(815301076,1909f56bfc062723c751e8b465ee728b)  -> (artifact id: 'aa85bb715e347e88f091682653a021a1') in 0.004819 seconds
  Import took 0.006766 seconds .

========================================================================
Received Prepare
Registering precompiled user dll's ...
Registered in 0.005590 seconds.
Begin MonoManager ReloadAssembly
Native extension for WindowsStandalone target not found
Refreshing native plugins compatible for Editor in 0.32 ms, found 2 plugins.
Preloading 0 native plugins for Editor in 0.00 ms.
Mono: successfully reloaded assembly
- Completed reload, in  0.965 seconds
Platform modules already initialized, skipping
Refreshing native plugins compatible for Editor in 0.28 ms, found 2 plugins.
Preloading 0 native plugins for Editor in 0.00 ms.
Unloading 1385 Unused Serialized files (Serialized files now loaded: 0)
System memory in use before: 64.9 MB.
System memory in use after: 65.0 MB.

Unloading 14 unused Assets to reduce memory usage. Loaded Objects now: 1881.
Total: 1.914300 ms (FindLiveObjects: 0.150800 ms CreateObjectMapping: 0.035100 ms MarkObjects: 1.645200 ms  DeleteObjects: 0.082400 ms)

========================================================================
Received Prepare
Registering precompiled user dll's ...
Registered in 0.004725 seconds.
Begin MonoManager ReloadAssembly
Native extension for WindowsStandalone target not found
Refreshing native plugins compatible for Editor in 0.27 ms, found 2 plugins.
Preloading 0 native plugins for Editor in 0.00 ms.
Mono: successfully reloaded assembly
- Completed reload, in  1.006 seconds
Platform modules already initialized, skipping
Refreshing native plugins compatible for Editor in 0.29 ms, found 2 plugins.
Preloading 0 native plugins for Editor in 0.00 ms.
Unloading 1385 Unused Serialized files (Serialized files now loaded: 0)
System memory in use before: 64.9 MB.
System memory in use after: 65.0 MB.

Unloading 14 unused Assets to reduce memory usage. Loaded Objects now: 1884.
Total: 1.978000 ms (FindLiveObjects: 0.147400 ms CreateObjectMapping: 0.044200 ms MarkObjects: 1.705700 ms  DeleteObjects: 0.079400 ms)

========================================================================
Received Prepare
Registering precompiled user dll's ...
Registered in 0.004768 seconds.
Begin MonoManager ReloadAssembly
Native extension for WindowsStandalone target not found
Refreshing native plugins compatible for Editor in 0.35 ms, found 2 plugins.
Preloading 0 native plugins for Editor in 0.00 ms.
Mono: successfully reloaded assembly
- Completed reload, in  1.008 seconds
Platform modules already initialized, skipping
Refreshing native plugins compatible for Editor in 0.32 ms, found 2 plugins.
Preloading 0 native plugins for Editor in 0.00 ms.
Unloading 1385 Unused Serialized files (Serialized files now loaded: 0)
System memory in use before: 64.9 MB.
System memory in use after: 65.0 MB.

Unloading 14 unused Assets to reduce memory usage. Loaded Objects now: 1887.
Total: 2.165900 ms (FindLiveObjects: 0.221100 ms CreateObjectMapping: 0.063600 ms MarkObjects: 1.802500 ms  DeleteObjects: 0.077800 ms)

========================================================================
Received Prepare
Registering precompiled user dll's ...
Registered in 0.004994 seconds.
Begin MonoManager ReloadAssembly
Native extension for WindowsStandalone target not found
Refreshing native plugins compatible for Editor in 0.28 ms, found 2 plugins.
Preloading 0 native plugins for Editor in 0.00 ms.
Mono: successfully reloaded assembly
- Completed reload, in  1.049 seconds
Platform modules already initialized, skipping
Refreshing native plugins compatible for Editor in 0.35 ms, found 2 plugins.
Preloading 0 native plugins for Editor in 0.00 ms.
Unloading 1385 Unused Serialized files (Serialized files now loaded: 0)
System memory in use before: 64.9 MB.
System memory in use after: 65.0 MB.

Unloading 14 unused Assets to reduce memory usage. Loaded Objects now: 1890.
Total: 1.905100 ms (FindLiveObjects: 0.187200 ms CreateObjectMapping: 0.057700 ms MarkObjects: 1.609600 ms  DeleteObjects: 0.049700 ms)

========================================================================
Received Prepare
Registering precompiled user dll's ...
Registered in 0.005017 seconds.
Begin MonoManager ReloadAssembly
Native extension for WindowsStandalone target not found
Refreshing native plugins compatible for Editor in 0.29 ms, found 2 plugins.
Preloading 0 native plugins for Editor in 0.00 ms.
Mono: successfully reloaded assembly
- Completed reload, in  1.048 seconds
Platform modules already initialized, skipping
Refreshing native plugins compatible for Editor in 0.29 ms, found 2 plugins.
Preloading 0 native plugins for Editor in 0.00 ms.
Unloading 1385 Unused Serialized files (Serialized files now loaded: 0)
System memory in use before: 64.9 MB.
System memory in use after: 65.0 MB.

Unloading 14 unused Assets to reduce memory usage. Loaded Objects now: 1893.
Total: 2.134300 ms (FindLiveObjects: 0.156700 ms CreateObjectMapping: 0.035000 ms MarkObjects: 1.820200 ms  DeleteObjects: 0.121600 ms)

========================================================================
Received Prepare
Registering precompiled user dll's ...
Registered in 0.005016 seconds.
Begin MonoManager ReloadAssembly
Native extension for WindowsStandalone target not found
Refreshing native plugins compatible for Editor in 0.27 ms, found 2 plugins.
Preloading 0 native plugins for Editor in 0.00 ms.
Mono: successfully reloaded assembly
- Completed reload, in  1.044 seconds
Platform modules already initialized, skipping
Refreshing native plugins compatible for Editor in 0.28 ms, found 2 plugins.
Preloading 0 native plugins for Editor in 0.00 ms.
Unloading 1385 Unused Serialized files (Serialized files now loaded: 0)
System memory in use before: 64.9 MB.
System memory in use after: 65.0 MB.

Unloading 14 unused Assets to reduce memory usage. Loaded Objects now: 1896.
Total: 2.147100 ms (FindLiveObjects: 0.230200 ms CreateObjectMapping: 0.041900 ms MarkObjects: 1.782700 ms  DeleteObjects: 0.091300 ms)

========================================================================
Received Prepare
Registering precompiled user dll's ...
Registered in 0.004661 seconds.
Begin MonoManager ReloadAssembly
Native extension for WindowsStandalone target not found
Refreshing native plugins compatible for Editor in 0.28 ms, found 2 plugins.
Preloading 0 native plugins for Editor in 0.00 ms.
Mono: successfully reloaded assembly
- Completed reload, in  1.065 seconds
Platform modules already initialized, skipping
Refreshing native plugins compatible for Editor in 0.37 ms, found 2 plugins.
Preloading 0 native plugins for Editor in 0.00 ms.
Unloading 1385 Unused Serialized files (Serialized files now loaded: 0)
System memory in use before: 64.9 MB.
System memory in use after: 65.0 MB.

Unloading 14 unused Assets to reduce memory usage. Loaded Objects now: 1899.
Total: 2.034000 ms (FindLiveObjects: 0.154800 ms CreateObjectMapping: 0.041600 ms MarkObjects: 1.758900 ms  DeleteObjects: 0.077800 ms)

========================================================================
Received Prepare
Registering precompiled user dll's ...
Registered in 0.005375 seconds.
Begin MonoManager ReloadAssembly
Native extension for WindowsStandalone target not found
Refreshing native plugins compatible for Editor in 0.34 ms, found 2 plugins.
Preloading 0 native plugins for Editor in 0.00 ms.
Mono: successfully reloaded assembly
- Completed reload, in  1.053 seconds
Platform modules already initialized, skipping
Refreshing native plugins compatible for Editor in 0.28 ms, found 2 plugins.
Preloading 0 native plugins for Editor in 0.00 ms.
Unloading 1385 Unused Serialized files (Serialized files now loaded: 0)
System memory in use before: 64.9 MB.
System memory in use after: 65.0 MB.

Unloading 14 unused Assets to reduce memory usage. Loaded Objects now: 1902.
Total: 1.886700 ms (FindLiveObjects: 0.162000 ms CreateObjectMapping: 0.043700 ms MarkObjects: 1.626200 ms  DeleteObjects: 0.053800 ms)

========================================================================
Received Import Request.
  Time since last request: 1972.672825 seconds.
  path: Assets/Rank.prefab
  artifactKey: Guid(539394e9a0d137341817a6c78f6fcdbb) Importer(815301076,1909f56bfc062723c751e8b465ee728b)
Start importing Assets/Rank.prefab using Guid(539394e9a0d137341817a6c78f6fcdbb) Importer(815301076,1909f56bfc062723c751e8b465ee728b)  -> (artifact id: 'c4fe7da8e9fa83c4c27ab5d87d502162') in 0.053220 seconds
  Import took 0.055935 seconds .

========================================================================
Received Import Request.
  Time since last request: 35.414929 seconds.
  path: Assets/Ranking.cs
  artifactKey: Guid(3f5c4faf912cde049bc9538a0f2dbf6a) Importer(815301076,1909f56bfc062723c751e8b465ee728b)
Start importing Assets/Ranking.cs using Guid(3f5c4faf912cde049bc9538a0f2dbf6a) Importer(815301076,1909f56bfc062723c751e8b465ee728b)  -> (artifact id: '25baf8f3dca90f8fef6c467e42a31dfb') in 0.003132 seconds
  Import took 0.005554 seconds .

========================================================================
Received Import Request.
  Time since last request: 0.001106 seconds.
  path: Assets/Ranking.cs
  artifactKey: Guid(3f5c4faf912cde049bc9538a0f2dbf6a) Importer(815301076,1909f56bfc062723c751e8b465ee728b)
Start importing Assets/Ranking.cs using Guid(3f5c4faf912cde049bc9538a0f2dbf6a) Importer(815301076,1909f56bfc062723c751e8b465ee728b)  -> (artifact id: '25baf8f3dca90f8fef6c467e42a31dfb') in 0.003314 seconds
  Import took 0.005596 seconds .

========================================================================
Received Prepare
Registering precompiled user dll's ...
Registered in 0.004686 seconds.
Begin MonoManager ReloadAssembly
Native extension for WindowsStandalone target not found
Refreshing native plugins compatible for Editor in 0.50 ms, found 2 plugins.
Preloading 0 native plugins for Editor in 0.00 ms.
Mono: successfully reloaded assembly
- Completed reload, in  1.249 seconds
Platform modules already initialized, skipping
Refreshing native plugins compatible for Editor in 0.63 ms, found 2 plugins.
Preloading 0 native plugins for Editor in 0.00 ms.
Unloading 1386 Unused Serialized files (Serialized files now loaded: 0)
System memory in use before: 65.0 MB.
System memory in use after: 65.1 MB.

Unloading 14 unused Assets to reduce memory usage. Loaded Objects now: 1908.
Total: 2.065100 ms (FindLiveObjects: 0.157400 ms CreateObjectMapping: 0.045800 ms MarkObjects: 1.802200 ms  DeleteObjects: 0.058500 ms)

========================================================================
Received Prepare
Registering precompiled user dll's ...
Registered in 0.006884 seconds.
Begin MonoManager ReloadAssembly
Native extension for WindowsStandalone target not found
Refreshing native plugins compatible for Editor in 0.31 ms, found 2 plugins.
Preloading 0 native plugins for Editor in 0.00 ms.
Mono: successfully reloaded assembly
- Completed reload, in  1.021 seconds
Platform modules already initialized, skipping
Refreshing native plugins compatible for Editor in 0.29 ms, found 2 plugins.
Preloading 0 native plugins for Editor in 0.00 ms.
Unloading 1386 Unused Serialized files (Serialized files now loaded: 0)
System memory in use before: 65.1 MB.
System memory in use after: 65.1 MB.

Unloading 14 unused Assets to reduce memory usage. Loaded Objects now: 1911.
Total: 2.080400 ms (FindLiveObjects: 0.144700 ms CreateObjectMapping: 0.038200 ms MarkObjects: 1.817200 ms  DeleteObjects: 0.079600 ms)

========================================================================
Received Import Request.
  Time since last request: 133.124785 seconds.
  path: Assets/Ranking.cs
  artifactKey: Guid(3f5c4faf912cde049bc9538a0f2dbf6a) Importer(815301076,1909f56bfc062723c751e8b465ee728b)
Start importing Assets/Ranking.cs using Guid(3f5c4faf912cde049bc9538a0f2dbf6a) Importer(815301076,1909f56bfc062723c751e8b465ee728b)  -> (artifact id: '91ee7af68f60dd695903a865234bfbdf') in 0.004809 seconds
  Import took 0.006886 seconds .

========================================================================
Received Import Request.
  Time since last request: 3.582716 seconds.
  path: Assets/Rank.prefab
  artifactKey: Guid(539394e9a0d137341817a6c78f6fcdbb) Importer(815301076,1909f56bfc062723c751e8b465ee728b)
Start importing Assets/Rank.prefab using Guid(539394e9a0d137341817a6c78f6fcdbb) Importer(815301076,1909f56bfc062723c751e8b465ee728b)  -> (artifact id: '0613513528548714f9da42a61ba80b15') in 0.035285 seconds
  Import took 0.037559 seconds .

========================================================================
Received Import Request.
  Time since last request: 2.173050 seconds.
  path: Assets/Match.cs
  artifactKey: Guid(bf7722881c47b134490c51da5014d57d) Importer(815301076,1909f56bfc062723c751e8b465ee728b)
Start importing Assets/Match.cs using Guid(bf7722881c47b134490c51da5014d57d) Importer(815301076,1909f56bfc062723c751e8b465ee728b)  -> (artifact id: 'bf4a8d4265dc1829901f6fa89a162883') in 0.002841 seconds
  Import took 0.005131 seconds .

========================================================================
Received Import Request.
  Time since last request: 0.004075 seconds.
  path: Assets/Match.cs
  artifactKey: Guid(bf7722881c47b134490c51da5014d57d) Importer(815301076,1909f56bfc062723c751e8b465ee728b)
Start importing Assets/Match.cs using Guid(bf7722881c47b134490c51da5014d57d) Importer(815301076,1909f56bfc062723c751e8b465ee728b)  -> (artifact id: 'bf4a8d4265dc1829901f6fa89a162883') in 0.003398 seconds
  Import took 0.005724 seconds .

========================================================================
Received Prepare
Registering precompiled user dll's ...
Registered in 0.005004 seconds.
Begin MonoManager ReloadAssembly
Native extension for WindowsStandalone target not found
Refreshing native plugins compatible for Editor in 0.27 ms, found 2 plugins.
Preloading 0 native plugins for Editor in 0.00 ms.
Mono: successfully reloaded assembly
- Completed reload, in  0.995 seconds
Platform modules already initialized, skipping
Refreshing native plugins compatible for Editor in 0.28 ms, found 2 plugins.
Preloading 0 native plugins for Editor in 0.00 ms.
Unloading 1386 Unused Serialized files (Serialized files now loaded: 0)
System memory in use before: 65.1 MB.
System memory in use after: 65.1 MB.

Unloading 14 unused Assets to reduce memory usage. Loaded Objects now: 1914.
Total: 2.146100 ms (FindLiveObjects: 0.151000 ms CreateObjectMapping: 0.037700 ms MarkObjects: 1.854700 ms  DeleteObjects: 0.101800 ms)

========================================================================
Received Prepare
Registering precompiled user dll's ...
Registered in 0.005329 seconds.
Begin MonoManager ReloadAssembly
Native extension for WindowsStandalone target not found
Refreshing native plugins compatible for Editor in 0.52 ms, found 2 plugins.
Preloading 0 native plugins for Editor in 0.00 ms.
Mono: successfully reloaded assembly
- Completed reload, in  1.144 seconds
Platform modules already initialized, skipping
Refreshing native plugins compatible for Editor in 0.28 ms, found 2 plugins.
Preloading 0 native plugins for Editor in 0.00 ms.
Unloading 1386 Unused Serialized files (Serialized files now loaded: 0)
System memory in use before: 65.1 MB.
System memory in use after: 65.1 MB.

Unloading 14 unused Assets to reduce memory usage. Loaded Objects now: 1917.
Total: 1.864900 ms (FindLiveObjects: 0.135500 ms CreateObjectMapping: 0.036600 ms MarkObjects: 1.613800 ms  DeleteObjects: 0.078100 ms)

========================================================================
Received Prepare
Registering precompiled user dll's ...
Registered in 0.004688 seconds.
Begin MonoManager ReloadAssembly
Native extension for WindowsStandalone target not found
Refreshing native plugins compatible for Editor in 0.38 ms, found 2 plugins.
Preloading 0 native plugins for Editor in 0.00 ms.
Mono: successfully reloaded assembly
- Completed reload, in  1.006 seconds
Platform modules already initialized, skipping
Refreshing native plugins compatible for Editor in 0.28 ms, found 2 plugins.
Preloading 0 native plugins for Editor in 0.00 ms.
Unloading 1386 Unused Serialized files (Serialized files now loaded: 0)
System memory in use before: 65.1 MB.
System memory in use after: 65.1 MB.

Unloading 14 unused Assets to reduce memory usage. Loaded Objects now: 1920.
Total: 2.088800 ms (FindLiveObjects: 0.148700 ms CreateObjectMapping: 0.036200 ms MarkObjects: 1.825000 ms  DeleteObjects: 0.077900 ms)

========================================================================
Received Prepare
Registering precompiled user dll's ...
Registered in 0.004784 seconds.
Begin MonoManager ReloadAssembly
Native extension for WindowsStandalone target not found
Refreshing native plugins compatible for Editor in 0.54 ms, found 2 plugins.
Preloading 0 native plugins for Editor in 0.00 ms.
Mono: successfully reloaded assembly
- Completed reload, in  1.036 seconds
Platform modules already initialized, skipping
Refreshing native plugins compatible for Editor in 0.28 ms, found 2 plugins.
Preloading 0 native plugins for Editor in 0.00 ms.
Unloading 1386 Unused Serialized files (Serialized files now loaded: 0)
System memory in use before: 65.1 MB.
System memory in use after: 65.2 MB.

Unloading 14 unused Assets to reduce memory usage. Loaded Objects now: 1923.
Total: 2.110200 ms (FindLiveObjects: 0.151200 ms CreateObjectMapping: 0.036200 ms MarkObjects: 1.833100 ms  DeleteObjects: 0.089000 ms)

========================================================================
Received Prepare
Registering precompiled user dll's ...
Registered in 0.006619 seconds.
Begin MonoManager ReloadAssembly
Native extension for WindowsStandalone target not found
Refreshing native plugins compatible for Editor in 0.27 ms, found 2 plugins.
Preloading 0 native plugins for Editor in 0.00 ms.
Mono: successfully reloaded assembly
- Completed reload, in  1.130 seconds
Platform modules already initialized, skipping
Refreshing native plugins compatible for Editor in 0.28 ms, found 2 plugins.
Preloading 0 native plugins for Editor in 0.00 ms.
Unloading 1386 Unused Serialized files (Serialized files now loaded: 0)
System memory in use before: 65.1 MB.
System memory in use after: 65.2 MB.

Unloading 14 unused Assets to reduce memory usage. Loaded Objects now: 1926.
Total: 2.402900 ms (FindLiveObjects: 0.163100 ms CreateObjectMapping: 0.044800 ms MarkObjects: 2.132800 ms  DeleteObjects: 0.061000 ms)

========================================================================
Received Prepare
Registering precompiled user dll's ...
Registered in 0.005290 seconds.
Begin MonoManager ReloadAssembly
Native extension for WindowsStandalone target not found
Refreshing native plugins compatible for Editor in 0.29 ms, found 2 plugins.
Preloading 0 native plugins for Editor in 0.00 ms.
Mono: successfully reloaded assembly
- Completed reload, in  1.095 seconds
Platform modules already initialized, skipping
Refreshing native plugins compatible for Editor in 0.28 ms, found 2 plugins.
Preloading 0 native plugins for Editor in 0.00 ms.
Unloading 1386 Unused Serialized files (Serialized files now loaded: 0)
System memory in use before: 65.1 MB.
System memory in use after: 65.2 MB.

Unloading 14 unused Assets to reduce memory usage. Loaded Objects now: 1929.
Total: 2.756000 ms (FindLiveObjects: 0.170900 ms CreateObjectMapping: 0.040800 ms MarkObjects: 2.416500 ms  DeleteObjects: 0.126900 ms)

========================================================================
Received Prepare
Registering precompiled user dll's ...
Registered in 0.004733 seconds.
Begin MonoManager ReloadAssembly
Native extension for WindowsStandalone target not found
Refreshing native plugins compatible for Editor in 0.27 ms, found 2 plugins.
Preloading 0 native plugins for Editor in 0.00 ms.
Mono: successfully reloaded assembly
- Completed reload, in  1.034 seconds
Platform modules already initialized, skipping
Refreshing native plugins compatible for Editor in 0.38 ms, found 2 plugins.
Preloading 0 native plugins for Editor in 0.00 ms.
Unloading 1386 Unused Serialized files (Serialized files now loaded: 0)
System memory in use before: 65.1 MB.
System memory in use after: 65.2 MB.

Unloading 14 unused Assets to reduce memory usage. Loaded Objects now: 1932.
Total: 5.823600 ms (FindLiveObjects: 0.355300 ms CreateObjectMapping: 0.116800 ms MarkObjects: 5.226400 ms  DeleteObjects: 0.122200 ms)

========================================================================
Received Prepare
Registering precompiled user dll's ...
Registered in 0.007112 seconds.
Begin MonoManager ReloadAssembly
Native extension for WindowsStandalone target not found
Refreshing native plugins compatible for Editor in 0.39 ms, found 2 plugins.
Preloading 0 native plugins for Editor in 0.00 ms.
Mono: successfully reloaded assembly
- Completed reload, in  1.020 seconds
Platform modules already initialized, skipping
Refreshing native plugins compatible for Editor in 0.28 ms, found 2 plugins.
Preloading 0 native plugins for Editor in 0.00 ms.
Unloading 1386 Unused Serialized files (Serialized files now loaded: 0)
System memory in use before: 65.1 MB.
System memory in use after: 65.2 MB.

Unloading 14 unused Assets to reduce memory usage. Loaded Objects now: 1935.
Total: 2.138200 ms (FindLiveObjects: 0.147900 ms CreateObjectMapping: 0.035300 ms MarkObjects: 1.876200 ms  DeleteObjects: 0.078000 ms)

========================================================================
Received Prepare
Registering precompiled user dll's ...
Registered in 0.005144 seconds.
Begin MonoManager ReloadAssembly
Native extension for WindowsStandalone target not found
Refreshing native plugins compatible for Editor in 0.30 ms, found 2 plugins.
Preloading 0 native plugins for Editor in 0.00 ms.
Mono: successfully reloaded assembly
- Completed reload, in  1.132 seconds
Platform modules already initialized, skipping
Refreshing native plugins compatible for Editor in 0.31 ms, found 2 plugins.
Preloading 0 native plugins for Editor in 0.00 ms.
Unloading 1386 Unused Serialized files (Serialized files now loaded: 0)
System memory in use before: 65.1 MB.
System memory in use after: 65.2 MB.

Unloading 14 unused Assets to reduce memory usage. Loaded Objects now: 1938.
Total: 2.066500 ms (FindLiveObjects: 0.180600 ms CreateObjectMapping: 0.041400 ms MarkObjects: 1.760500 ms  DeleteObjects: 0.083100 ms)

========================================================================
Received Prepare
Registering precompiled user dll's ...
Registered in 0.006901 seconds.
Begin MonoManager ReloadAssembly
Native extension for WindowsStandalone target not found
Refreshing native plugins compatible for Editor in 0.28 ms, found 2 plugins.
Preloading 0 native plugins for Editor in 0.00 ms.
Mono: successfully reloaded assembly
- Completed reload, in  1.181 seconds
Platform modules already initialized, skipping
Refreshing native plugins compatible for Editor in 0.27 ms, found 2 plugins.
Preloading 0 native plugins for Editor in 0.00 ms.
Unloading 1386 Unused Serialized files (Serialized files now loaded: 0)
System memory in use before: 65.1 MB.
System memory in use after: 65.2 MB.

Unloading 14 unused Assets to reduce memory usage. Loaded Objects now: 1941.
Total: 1.900900 ms (FindLiveObjects: 0.125300 ms CreateObjectMapping: 0.036100 ms MarkObjects: 1.661500 ms  DeleteObjects: 0.077200 ms)

========================================================================
Received Prepare
Registering precompiled user dll's ...
Registered in 0.005313 seconds.
Begin MonoManager ReloadAssembly
Native extension for WindowsStandalone target not found
Refreshing native plugins compatible for Editor in 0.28 ms, found 2 plugins.
Preloading 0 native plugins for Editor in 0.00 ms.
Mono: successfully reloaded assembly
- Completed reload, in  1.015 seconds
Platform modules already initialized, skipping
Refreshing native plugins compatible for Editor in 0.27 ms, found 2 plugins.
Preloading 0 native plugins for Editor in 0.00 ms.
Unloading 1386 Unused Serialized files (Serialized files now loaded: 0)
System memory in use before: 65.1 MB.
System memory in use after: 65.2 MB.

Unloading 14 unused Assets to reduce memory usage. Loaded Objects now: 1944.
Total: 2.074700 ms (FindLiveObjects: 0.154500 ms CreateObjectMapping: 0.041700 ms MarkObjects: 1.796900 ms  DeleteObjects: 0.080600 ms)

========================================================================
Received Prepare
Registering precompiled user dll's ...
Registered in 0.005063 seconds.
Begin MonoManager ReloadAssembly
Native extension for WindowsStandalone target not found
Refreshing native plugins compatible for Editor in 0.28 ms, found 2 plugins.
Preloading 0 native plugins for Editor in 0.00 ms.
Mono: successfully reloaded assembly
- Completed reload, in  1.006 seconds
Platform modules already initialized, skipping
Refreshing native plugins compatible for Editor in 0.40 ms, found 2 plugins.
Preloading 0 native plugins for Editor in 0.00 ms.
Unloading 1386 Unused Serialized files (Serialized files now loaded: 0)
System memory in use before: 65.1 MB.
System memory in use after: 65.2 MB.

Unloading 14 unused Assets to reduce memory usage. Loaded Objects now: 1947.
Total: 2.031600 ms (FindLiveObjects: 0.151200 ms CreateObjectMapping: 0.045000 ms MarkObjects: 1.755600 ms  DeleteObjects: 0.078500 ms)

========================================================================
Received Prepare
Registering precompiled user dll's ...
Registered in 0.005127 seconds.
Begin MonoManager ReloadAssembly
Native extension for WindowsStandalone target not found
Refreshing native plugins compatible for Editor in 0.30 ms, found 2 plugins.
Preloading 0 native plugins for Editor in 0.00 ms.
Mono: successfully reloaded assembly
- Completed reload, in  1.029 seconds
Platform modules already initialized, skipping
Refreshing native plugins compatible for Editor in 0.28 ms, found 2 plugins.
Preloading 0 native plugins for Editor in 0.00 ms.
Unloading 1386 Unused Serialized files (Serialized files now loaded: 0)
System memory in use before: 65.1 MB.
System memory in use after: 65.2 MB.

Unloading 14 unused Assets to reduce memory usage. Loaded Objects now: 1950.
Total: 2.467600 ms (FindLiveObjects: 0.157600 ms CreateObjectMapping: 0.042000 ms MarkObjects: 2.168600 ms  DeleteObjects: 0.098500 ms)

========================================================================
Received Prepare
Registering precompiled user dll's ...
Registered in 0.005654 seconds.
Begin MonoManager ReloadAssembly
Native extension for WindowsStandalone target not found
Refreshing native plugins compatible for Editor in 0.27 ms, found 2 plugins.
Preloading 0 native plugins for Editor in 0.00 ms.
Mono: successfully reloaded assembly
- Completed reload, in  1.136 seconds
Platform modules already initialized, skipping
Refreshing native plugins compatible for Editor in 0.28 ms, found 2 plugins.
Preloading 0 native plugins for Editor in 0.00 ms.
Unloading 1386 Unused Serialized files (Serialized files now loaded: 0)
System memory in use before: 65.1 MB.
System memory in use after: 65.2 MB.

Unloading 14 unused Assets to reduce memory usage. Loaded Objects now: 1953.
Total: 2.163900 ms (FindLiveObjects: 0.165500 ms CreateObjectMapping: 0.037000 ms MarkObjects: 1.881000 ms  DeleteObjects: 0.079300 ms)

========================================================================
Received Prepare
Registering precompiled user dll's ...
Registered in 0.005362 seconds.
Begin MonoManager ReloadAssembly
Native extension for WindowsStandalone target not found
Refreshing native plugins compatible for Editor in 0.40 ms, found 2 plugins.
Preloading 0 native plugins for Editor in 0.00 ms.
Mono: successfully reloaded assembly
- Completed reload, in  1.004 seconds
Platform modules already initialized, skipping
Refreshing native plugins compatible for Editor in 0.43 ms, found 2 plugins.
Preloading 0 native plugins for Editor in 0.00 ms.
Unloading 1386 Unused Serialized files (Serialized files now loaded: 0)
System memory in use before: 65.1 MB.
System memory in use after: 65.2 MB.

Unloading 14 unused Assets to reduce memory usage. Loaded Objects now: 1956.
Total: 3.026400 ms (FindLiveObjects: 0.163900 ms CreateObjectMapping: 0.036100 ms MarkObjects: 2.745200 ms  DeleteObjects: 0.079800 ms)

========================================================================
Received Prepare
Registering precompiled user dll's ...
Registered in 0.005770 seconds.
Begin MonoManager ReloadAssembly
Native extension for WindowsStandalone target not found
Refreshing native plugins compatible for Editor in 0.34 ms, found 2 plugins.
Preloading 0 native plugins for Editor in 0.00 ms.
Mono: successfully reloaded assembly
- Completed reload, in  1.086 seconds
Platform modules already initialized, skipping
Refreshing native plugins compatible for Editor in 0.27 ms, found 2 plugins.
Preloading 0 native plugins for Editor in 0.00 ms.
Unloading 1386 Unused Serialized files (Serialized files now loaded: 0)
System memory in use before: 65.1 MB.
System memory in use after: 65.2 MB.

Unloading 14 unused Assets to reduce memory usage. Loaded Objects now: 1959.
Total: 2.736000 ms (FindLiveObjects: 0.339900 ms CreateObjectMapping: 0.100600 ms MarkObjects: 2.216100 ms  DeleteObjects: 0.078500 ms)

========================================================================
Received Prepare
Registering precompiled user dll's ...
Registered in 0.004877 seconds.
Begin MonoManager ReloadAssembly
Native extension for WindowsStandalone target not found
Refreshing native plugins compatible for Editor in 0.35 ms, found 2 plugins.
Preloading 0 native plugins for Editor in 0.00 ms.
Mono: successfully reloaded assembly
- Completed reload, in  1.030 seconds
Platform modules already initialized, skipping
Refreshing native plugins compatible for Editor in 0.29 ms, found 2 plugins.
Preloading 0 native plugins for Editor in 0.00 ms.
Unloading 1386 Unused Serialized files (Serialized files now loaded: 0)
System memory in use before: 65.1 MB.
System memory in use after: 65.2 MB.

Unloading 14 unused Assets to reduce memory usage. Loaded Objects now: 1962.
Total: 2.167200 ms (FindLiveObjects: 0.160900 ms CreateObjectMapping: 0.037600 ms MarkObjects: 1.889400 ms  DeleteObjects: 0.078400 ms)

========================================================================
Received Prepare
Registering precompiled user dll's ...
Registered in 0.005310 seconds.
Begin MonoManager ReloadAssembly
Native extension for WindowsStandalone target not found
Refreshing native plugins compatible for Editor in 0.32 ms, found 2 plugins.
Preloading 0 native plugins for Editor in 0.00 ms.
Mono: successfully reloaded assembly
- Completed reload, in  1.100 seconds
Platform modules already initialized, skipping
Refreshing native plugins compatible for Editor in 0.39 ms, found 2 plugins.
Preloading 0 native plugins for Editor in 0.00 ms.
Unloading 1386 Unused Serialized files (Serialized files now loaded: 0)
System memory in use before: 65.1 MB.
System memory in use after: 65.2 MB.

Unloading 14 unused Assets to reduce memory usage. Loaded Objects now: 1965.
Total: 2.176000 ms (FindLiveObjects: 0.175000 ms CreateObjectMapping: 0.052900 ms MarkObjects: 1.889200 ms  DeleteObjects: 0.057700 ms)

========================================================================
Received Prepare
Registering precompiled user dll's ...
Registered in 0.004754 seconds.
Begin MonoManager ReloadAssembly
Native extension for WindowsStandalone target not found
Refreshing native plugins compatible for Editor in 0.31 ms, found 2 plugins.
Preloading 0 native plugins for Editor in 0.00 ms.
Mono: successfully reloaded assembly
- Completed reload, in  1.004 seconds
Platform modules already initialized, skipping
Refreshing native plugins compatible for Editor in 0.27 ms, found 2 plugins.
Preloading 0 native plugins for Editor in 0.00 ms.
Unloading 1386 Unused Serialized files (Serialized files now loaded: 0)
System memory in use before: 65.2 MB.
System memory in use after: 65.2 MB.

Unloading 14 unused Assets to reduce memory usage. Loaded Objects now: 1968.
Total: 3.130800 ms (FindLiveObjects: 0.194000 ms CreateObjectMapping: 0.086100 ms MarkObjects: 2.717600 ms  DeleteObjects: 0.132200 ms)

========================================================================
Received Prepare
Registering precompiled user dll's ...
Registered in 0.004850 seconds.
Begin MonoManager ReloadAssembly
Native extension for WindowsStandalone target not found
Refreshing native plugins compatible for Editor in 0.27 ms, found 2 plugins.
Preloading 0 native plugins for Editor in 0.00 ms.
Mono: successfully reloaded assembly
- Completed reload, in  0.965 seconds
Platform modules already initialized, skipping
Refreshing native plugins compatible for Editor in 0.27 ms, found 2 plugins.
Preloading 0 native plugins for Editor in 0.00 ms.
Unloading 1386 Unused Serialized files (Serialized files now loaded: 0)
System memory in use before: 65.2 MB.
System memory in use after: 65.2 MB.

Unloading 14 unused Assets to reduce memory usage. Loaded Objects now: 1971.
Total: 2.055900 ms (FindLiveObjects: 0.155100 ms CreateObjectMapping: 0.037300 ms MarkObjects: 1.780000 ms  DeleteObjects: 0.082500 ms)

========================================================================
Received Prepare
Registering precompiled user dll's ...
Registered in 0.004581 seconds.
Begin MonoManager ReloadAssembly
Native extension for WindowsStandalone target not found
Refreshing native plugins compatible for Editor in 0.29 ms, found 2 plugins.
Preloading 0 native plugins for Editor in 0.00 ms.
Mono: successfully reloaded assembly
- Completed reload, in  0.988 seconds
Platform modules already initialized, skipping
Refreshing native plugins compatible for Editor in 0.28 ms, found 2 plugins.
Preloading 0 native plugins for Editor in 0.00 ms.
Unloading 1386 Unused Serialized files (Serialized files now loaded: 0)
System memory in use before: 65.2 MB.
System memory in use after: 65.2 MB.

Unloading 14 unused Assets to reduce memory usage. Loaded Objects now: 1974.
Total: 2.137500 ms (FindLiveObjects: 0.135800 ms CreateObjectMapping: 0.041200 ms MarkObjects: 1.879200 ms  DeleteObjects: 0.080200 ms)

